0 info it worked if it ends with ok
1 verbose cli [ '/Users/andrebueno/.nvm/versions/node/v4.4.4/bin/node',
1 verbose cli   '/Users/andrebueno/.nvm/versions/node/v4.4.4/bin/npm',
1 verbose cli   'publish' ]
2 info using npm@2.15.1
3 info using node@v4.4.4
4 verbose publish [ '.' ]
5 verbose stack Error: No version provided
5 verbose stack     at /Users/andrebueno/.nvm/versions/node/v4.4.4/lib/node_modules/npm/lib/publish.js:52:36
5 verbose stack     at /Users/andrebueno/.nvm/versions/node/v4.4.4/lib/node_modules/npm/node_modules/read-package-json/read-json.js:345:5
5 verbose stack     at checkBinReferences_ (/Users/andrebueno/.nvm/versions/node/v4.4.4/lib/node_modules/npm/node_modules/read-package-json/read-json.js:309:45)
5 verbose stack     at final (/Users/andrebueno/.nvm/versions/node/v4.4.4/lib/node_modules/npm/node_modules/read-package-json/read-json.js:343:3)
5 verbose stack     at then (/Users/andrebueno/.nvm/versions/node/v4.4.4/lib/node_modules/npm/node_modules/read-package-json/read-json.js:113:5)
5 verbose stack     at /Users/andrebueno/.nvm/versions/node/v4.4.4/lib/node_modules/npm/node_modules/read-package-json/read-json.js:300:12
5 verbose stack     at /Users/andrebueno/.nvm/versions/node/v4.4.4/lib/node_modules/npm/node_modules/graceful-fs/graceful-fs.js:78:16
5 verbose stack     at FSReqWrap.readFileAfterClose [as oncomplete] (fs.js:380:3)
6 verbose cwd /Users/andrebueno/Downloads/bla/Leaflet.MovingMarker
7 error Darwin 15.3.0
8 error argv "/Users/andrebueno/.nvm/versions/node/v4.4.4/bin/node" "/Users/andrebueno/.nvm/versions/node/v4.4.4/bin/npm" "publish"
9 error node v4.4.4
10 error npm  v2.15.1
11 error No version provided
12 error If you need help, you may report this error at:
12 error     <https://github.com/npm/npm/issues>
13 verbose exit [ 1, true ]
